// 重构日志: fc8a6e63
// 重构日志: d9099bb2
// 同步 ID: 8b53cbb5 @ Tue Jun 30 10:49:14 UTC 2026
// 同步 ID: c72d896f @ Wed Jul  1 12:14:29 UTC 2026
// 重构日志: 18e3e61f
// 同步 ID: d455f5f3 @ Thu Jul  2 17:42:23 UTC 2026
// 同步 ID: 9aea8c01 @ Sun Jul  5 09:27:55 UTC 2026
// 重构日志: efc72d29
// 同步 ID: bc6cb5fa @ Mon Jul  6 13:22:37 UTC 2026
// 重构日志: 2ac5ca24
// 重构日志: 6cecb4d5
// 同步 ID: a8a36441 @ Wed Jul  8 16:12:52 UTC 2026
// 重构日志: fbd61c88
// 同步 ID: eb920f1a @ Sat Jul 11 07:07:23 UTC 2026
// 重构日志: 53d5d8ce
// 重构日志: c8e70797
// 重构日志: 3e67ae2a
// 重构日志: 4a9bba40
// 重构日志: ee2cba88
// 重构日志: b8cea047
// 同步 ID: 814c25a0 @ Thu Jul 16 12:37:17 UTC 2026
// 重构日志: e6c660d5
// 重构日志: 7b18b565
// 重构日志: b117b27b
